2022-12-05 21:03:32.481 | DEBUG    | __main__:__init__:192 - Programm wurde erfolgreich initialisiert.
2022-12-05 21:03:46.146 | DEBUG    | __main__:__init__:192 - Programm wurde erfolgreich initialisiert.
2022-12-05 21:46:45.335 | DEBUG    | __main__:__init__:192 - Programm wurde erfolgreich initialisiert.
2022-12-05 21:47:02.368 | DEBUG    | __main__:__init__:192 - Programm wurde erfolgreich initialisiert.
2022-12-05 21:55:11.051 | DEBUG    | __main__:__init__:192 - Programm wurde erfolgreich initialisiert.
2022-12-05 21:55:22.707 | DEBUG    | control.update_hedgehog:add_medic_to_hedgehog_ui:48 - Igel: Markus hat Schmerzmittel genommen!
2022-12-05 21:57:26.281 | DEBUG    | __main__:__init__:192 - Programm wurde erfolgreich initialisiert.
2022-12-05 21:57:49.997 | DEBUG    | __main__:__init__:192 - Programm wurde erfolgreich initialisiert.
2022-12-05 21:58:40.187 | DEBUG    | __main__:__init__:192 - Programm wurde erfolgreich initialisiert.
2022-12-05 22:02:47.490 | DEBUG    | __main__:__init__:192 - Programm wurde erfolgreich initialisiert.
2022-12-05 22:02:57.630 | DEBUG    | control.update_hedgehog:add_medic_to_hedgehog_ui:48 - Igel: Ferike hat Schmerzmittel genommen!
2022-12-05 22:05:33.961 | DEBUG    | __main__:__init__:192 - Programm wurde erfolgreich initialisiert.
2022-12-05 22:05:47.514 | DEBUG    | __main__:__init__:192 - Programm wurde erfolgreich initialisiert.
2022-12-05 22:05:52.736 | DEBUG    | control.update_hedgehog:add_medic_to_hedgehog_ui:48 - Igel: Ferike hat Schmerzmittel genommen!
2022-12-05 22:05:52.880 | DEBUG    | control.update_hedgehog:add_medic_to_hedgehog_ui:48 - Igel: Ferike hat Schmerzmittel genommen!
2022-12-05 22:05:53.019 | DEBUG    | control.update_hedgehog:add_medic_to_hedgehog_ui:48 - Igel: Ferike hat Schmerzmittel genommen!
2022-12-05 22:05:53.159 | DEBUG    | control.update_hedgehog:add_medic_to_hedgehog_ui:48 - Igel: Ferike hat Schmerzmittel genommen!
2022-12-05 22:05:53.285 | DEBUG    | control.update_hedgehog:add_medic_to_hedgehog_ui:48 - Igel: Ferike hat Schmerzmittel genommen!
2022-12-05 22:05:53.405 | DEBUG    | control.update_hedgehog:add_medic_to_hedgehog_ui:48 - Igel: Ferike hat Schmerzmittel genommen!
2022-12-05 22:05:53.546 | DEBUG    | control.update_hedgehog:add_medic_to_hedgehog_ui:48 - Igel: Ferike hat Schmerzmittel genommen!
2022-12-05 22:05:53.630 | DEBUG    | control.update_hedgehog:add_medic_to_hedgehog_ui:48 - Igel: Ferike hat Schmerzmittel genommen!
2022-12-05 22:05:53.771 | DEBUG    | control.update_hedgehog:add_medic_to_hedgehog_ui:48 - Igel: Ferike hat Schmerzmittel genommen!
2022-12-05 22:05:53.886 | DEBUG    | control.update_hedgehog:add_medic_to_hedgehog_ui:48 - Igel: Ferike hat Schmerzmittel genommen!
2022-12-05 22:05:54.020 | DEBUG    | control.update_hedgehog:add_medic_to_hedgehog_ui:48 - Igel: Ferike hat Schmerzmittel genommen!
2022-12-05 22:05:54.157 | DEBUG    | control.update_hedgehog:add_medic_to_hedgehog_ui:48 - Igel: Ferike hat Schmerzmittel genommen!
2022-12-05 22:05:54.269 | DEBUG    | control.update_hedgehog:add_medic_to_hedgehog_ui:48 - Igel: Ferike hat Schmerzmittel genommen!
2022-12-05 22:05:54.392 | DEBUG    | control.update_hedgehog:add_medic_to_hedgehog_ui:48 - Igel: Ferike hat Schmerzmittel genommen!
2022-12-05 22:05:54.518 | DEBUG    | control.update_hedgehog:add_medic_to_hedgehog_ui:48 - Igel: Ferike hat Schmerzmittel genommen!
2022-12-05 22:05:54.642 | DEBUG    | control.update_hedgehog:add_medic_to_hedgehog_ui:48 - Igel: Ferike hat Schmerzmittel genommen!
2022-12-05 22:05:54.760 | DEBUG    | control.update_hedgehog:add_medic_to_hedgehog_ui:48 - Igel: Ferike hat Schmerzmittel genommen!
2022-12-05 22:05:54.887 | DEBUG    | control.update_hedgehog:add_medic_to_hedgehog_ui:48 - Igel: Ferike hat Schmerzmittel genommen!
2022-12-05 22:09:21.444 | DEBUG    | control.update_hedgehog:add_medic_to_hedgehog_ui:48 - Igel: Moricz hat Schmerzmittel genommen!
2022-12-05 22:12:18.628 | DEBUG    | __main__:__init__:192 - Programm wurde erfolgreich initialisiert.
2022-12-05 22:12:23.875 | DEBUG    | control.update_hedgehog:add_medic_to_hedgehog_ui:48 - Igel:  hat Schmerzmittel genommen!
2022-12-05 22:12:48.229 | DEBUG    | __main__:__init__:192 - Programm wurde erfolgreich initialisiert.
2022-12-05 22:12:52.675 | DEBUG    | control.update_hedgehog:add_medic_to_hedgehog_ui:48 - Igel:  hat Antibiotika genommen!
2022-12-05 22:12:56.147 | DEBUG    | control.update_hedgehog:add_medic_to_hedgehog_ui:48 - Igel:  hat Entwurmung genommen!
2022-12-05 22:13:13.029 | DEBUG    | __main__:__init__:192 - Programm wurde erfolgreich initialisiert.
2022-12-05 22:13:20.696 | DEBUG    | control.update_hedgehog:add_medic_to_hedgehog_ui:48 - Igel:  hat Entwurmung genommen!
2022-12-05 22:14:35.097 | DEBUG    | __main__:__init__:192 - Programm wurde erfolgreich initialisiert.
2022-12-05 22:15:12.035 | DEBUG    | __main__:__init__:192 - Programm wurde erfolgreich initialisiert.
2022-12-05 22:17:13.787 | DEBUG    | __main__:__init__:192 - Programm wurde erfolgreich initialisiert.
2022-12-05 22:18:07.382 | DEBUG    | __main__:__init__:192 - Programm wurde erfolgreich initialisiert.
2022-12-05 22:18:35.535 | DEBUG    | __main__:__init__:192 - Programm wurde erfolgreich initialisiert.
2022-12-05 22:20:12.891 | DEBUG    | __main__:__init__:192 - Programm wurde erfolgreich initialisiert.
2022-12-05 22:52:47.647 | DEBUG    | __main__:__init__:192 - Programm wurde erfolgreich initialisiert.
2022-12-05 22:53:03.626 | DEBUG    | __main__:__init__:192 - Programm wurde erfolgreich initialisiert.
2022-12-05 22:53:13.153 | DEBUG    | __main__:__init__:192 - Programm wurde erfolgreich initialisiert.
2022-12-05 23:01:37.204 | DEBUG    | __main__:__init__:192 - Programm wurde erfolgreich initialisiert.
